<?xml version="1.0" encoding="UTF-8"?>
<!-- Generated by org.testng.reporters.JUnitReportReporter -->
<testsuite hostname="LAPTOP-52DK9AD3" failures="0" tests="1" name="runners.LoginParaRunner" time="2.611" errors="1" timestamp="2025-12-15T12:22:00 IST" skipped="0">
  <testcase classname="runners.LoginParaRunner" name="runScenario" time="2.611">
    <error message="The step &#039;user enterd valid username and password&#039; and 3 other step(s) are undefined.
You can implement these steps using the snippet(s) below:

@When(&quot;user enterd valid username and password&quot;)
public void user_enterd_valid_username_and_password() {
    // Write code here that turns the phrase above into concrete actions
    throw new io.cucumber.java.PendingException();
}
@When(&quot;user enter login&quot;)
public void user_enter_login() {
    // Write code here that turns the phrase above into concrete actions
    throw new io.cucumber.java.PendingException();
}
@Then(&quot;user is navigated to home and&quot;)
public void user_is_navigated_to_home_and() {
    // Write code here that turns the phrase above into concrete actions
    throw new io.cucumber.java.PendingException();
}
@Then(&quot;close the browser&quot;)
public void close_the_browser() {
    // Write code here that turns the phrase above into concrete actions
    throw new io.cucumber.java.PendingException();
}
" type="io.cucumber.testng.UndefinedStepException">
      <![CDATA[io.cucumber.testng.UndefinedStepException: The step 'user enterd valid username and password' and 3 other step(s) are undefined.
You can implement these steps using the snippet(s) below:

@When("user enterd valid username and password")
public void user_enterd_valid_username_and_password() {
    // Write code here that turns the phrase above into concrete actions
    throw new io.cucumber.java.PendingException();
}
@When("user enter login")
public void user_enter_login() {
    // Write code here that turns the phrase above into concrete actions
    throw new io.cucumber.java.PendingException();
}
@Then("user is navigated to home and")
public void user_is_navigated_to_home_and() {
    // Write code here that turns the phrase above into concrete actions
    throw new io.cucumber.java.PendingException();
}
@Then("close the browser")
public void close_the_browser() {
    // Write code here that turns the phrase above into concrete actions
    throw new io.cucumber.java.PendingException();
}

at âœ½.user enterd valid username and password(file:///D:/Testing%20Rahul-Setty/CucumberFramework/src/test/resources/features/login.feature:6)
]]>
    </error>
  </testcase> <!-- runScenario -->
</testsuite> <!-- runners.LoginParaRunner -->
