<?xml version="1.0" encoding="UTF-8"?>
<!-- Generated by org.testng.reporters.JUnitReportReporter -->
<testsuite hostname="LAPTOP-52DK9AD3" failures="0" tests="4" name="runners.TagsRunner" time="0.099" errors="0" timestamp="2025-12-15T16:33:27 IST" skipped="0">
  <testcase classname="runners.TagsRunner" name="runScenario" time="0.004"/>
  <testcase classname="runners.TagsRunner" name="runScenario" time="0.085"/>
  <testcase classname="runners.TagsRunner" name="runScenario" time="0.004"/>
  <testcase classname="runners.TagsRunner" name="runScenario" time="0.006"/>
</testsuite> <!-- runners.TagsRunner -->
